<?xml version="1.0" encoding="UTF-8"?>
<testng-results ignored="0" total="1" passed="1" failed="0" skipped="0">
  <reporter-output>
  </reporter-output>
  <suite started-at="2024-03-06T13:13:27 IST" name="Suite" finished-at="2024-03-06T13:13:42 IST" duration-ms="15013">
    <groups>
    </groups>
    <test started-at="2024-03-06T13:13:27 IST" name="Test" finished-at="2024-03-06T13:13:42 IST" duration-ms="15013">
      <class name="testcases.VerifyLogin">
        <test-method is-config="true" signature="launchApplication()[pri:0, instance:testcases.VerifyLogin@41c2284a]" started-at="2024-03-06T13:13:27 IST" name="launchApplication" finished-at="2024-03-06T13:13:34 IST" duration-ms="7038" status="PASS">
          <reporter-output>
          </reporter-output>
        </test-method> <!-- launchApplication -->
        <test-method signature="verifyLogin()[pri:0, instance:testcases.VerifyLogin@41c2284a]" started-at="2024-03-06T13:13:34 IST" name="verifyLogin" finished-at="2024-03-06T13:13:42 IST" duration-ms="7760" status="PASS">
          <reporter-output>
          </reporter-output>
        </test-method> <!-- verifyLogin -->
        <test-method is-config="true" signature="closeBrowser()[pri:0, instance:testcases.VerifyLogin@41c2284a]" started-at="2024-03-06T13:13:42 IST" name="closeBrowser" finished-at="2024-03-06T13:13:42 IST" duration-ms="163" status="PASS">
          <reporter-output>
          </reporter-output>
        </test-method> <!-- closeBrowser -->
      </class> <!-- testcases.VerifyLogin -->
    </test> <!-- Test -->
  </suite> <!-- Suite -->
</testng-results>
